<?xml version="1.0" encoding="utf-8"?>
<TestRun id="b1dba0c6-411f-41ef-8f9b-4f728be25615" name="runneradmin@runnervm1vfjv 2026-09-25 02:15:24" runUser="runnervm1vfjv\runneradmin" xmlns="http://microsoft.com/schemas/VisualStudio/TeamTest/2010">
  <Times creation="2026-09-25T02:15:24.2867859-07:00" queuing="2026-09-25T02:15:24.2867863-07:00" start="2026-09-25T02:15:23.4036444-07:00" finish="2026-09-25T02:15:24.3675869-07:00" />
  <TestSettings name="default" id="8dc0fb3f-9c1b-4efa-bb73-608000d48abd">
    <Deployment runDeploymentRoot="runneradmin_runnervm1vfjv_2026-09-25_02_15_24" />
  </TestSettings>
  <Results>
    <UnitTestResult executionId="fefe8adf-b0ef-4188-bf71-105a43f812eb" testId="65f2a884-7aaf-d6cf-a9a9-1fde173b9c0a" testName="DesktopGuides.Core.Tests.TextGuideDocumentTests.FindsNearbyContextAfterContentChanges" computerName="runnervm1vfjv" duration="00:00:00.0003632" startTime="2026-09-25T02:15:24.2277453-07:00" endTime="2026-09-25T02:15:24.2279306-07:00" testType="13cdc9d9-ddb5-4fa4-a97d-d965ccfc6d4b" outcome="Passed" testListId="8c84fa94-04c1-424b-9868-57a2d4851a1d" relativeResultsDirectory="fefe8adf-b0ef-4188-bf71-105a43f812eb" />
    <UnitTestResult executionId="7bf43e3e-7014-41e8-ab5c-2d6c370253c8" testId="5148b27a-ff51-5241-c0d8-eccb742088f7" testName="DesktopGuides.Core.Tests.HtmlAssetPolicyTests.RejectsRequestsOutsideTheReadOnlyAssetScope(method: &quot;GET&quot;, url: &quot;https://elsewhere.invalid/guide.html&quot;)" computerName="runnervm1vfjv" duration="00:00:00.0074845" startTime="2026-09-25T02:15:24.2460236-07:00" endTime="2026-09-25T02:15:24.2464901-07:00" testType="13cdc9d9-ddb5-4fa4-a97d-d965ccfc6d4b" outcome="Passed" testListId="8c84fa94-04c1-424b-9868-57a2d4851a1d" relativeResultsDirectory="7bf43e3e-7014-41e8-ab5c-2d6c370253c8" />
    <UnitTestResult executionId="654e003f-5caf-4ff9-9eb1-e323cc276557" testId="9664020a-1c18-7b2e-ab55-1e85c22bf279" testName="DesktopGuides.Core.Tests.HtmlAssetPolicyTests.RejectsAnAssetChangedAfterManifestVerification" computerName="runnervm1vfjv" duration="00:00:00.0045028" startTime="2026-09-25T02:15:24.2729176-07:00" endTime="2026-09-25T02:15:24.2773141-07:00" testType="13cdc9d9-ddb5-4fa4-a97d-d965ccfc6d4b" outcome="Passed" testListId="8c84fa94-04c1-424b-9868-57a2d4851a1d" relativeResultsDirectory="654e003f-5caf-4ff9-9eb1-e323cc276557" />
    <UnitTestResult executionId="3c2154d8-a241-4a6f-8687-adc543bce578" testId="afaebaff-4092-b82e-7bdd-5dcc8d2370e5" testName="DesktopGuides.Core.Tests.HtmlAssetPolicyTests.RejectsRequestsOutsideTheReadOnlyAssetScope(method: &quot;GET&quot;, url: &quot;https://guide.invalid:444/guide.html&quot;)" computerName="runnervm1vfjv" duration="00:00:00.0041199" startTime="2026-09-25T02:15:24.2617171-07:00" endTime="2026-09-25T02:15:24.2648642-07:00" testType="13cdc9d9-ddb5-4fa4-a97d-d965ccfc6d4b" outcome="Passed" testListId="8c84fa94-04c1-424b-9868-57a2d4851a1d" relativeResultsDirectory="3c2154d8-a241-4a6f-8687-adc543bce578" />
    <UnitTestResult executionId="9805f33b-2419-4f32-95e1-3cfb09976d76" testId="21d9f702-a60d-39ec-cfae-6ad62400c1a6" testName="DesktopGuides.Core.Tests.TextGuideDocumentTests.InvalidUtf8RequiresAnExplicitEncoding" computerName="runnervm1vfjv" duration="00:00:00.0015538" startTime="2026-09-25T02:15:24.2281496-07:00" endTime="2026-09-25T02:15:24.2295850-07:00" testType="13cdc9d9-ddb5-4fa4-a97d-d965ccfc6d4b" outcome="Passed" testListId="8c84fa94-04c1-424b-9868-57a2d4851a1d" relativeResultsDirectory="9805f33b-2419-4f32-95e1-3cfb09976d76" />
    <UnitTestResult executionId="51d7e5b5-5199-4a64-abe7-6100a1b695ba" testId="e214083d-9062-e92f-3551-3ad869a924b3" testName="DesktopGuides.Core.Tests.TextGuideDocumentTests.ChoosesTheNearestRepeatedContextAfterContentChanges" computerName="runnervm1vfjv" duration="00:00:00.0199421" startTime="2026-09-25T02:15:24.1886392-07:00" endTime="2026-09-25T02:15:24.2086331-07:00" testType="13cdc9d9-ddb5-4fa4-a97d-d965ccfc6d4b" outcome="Passed" testListId="8c84fa94-04c1-424b-9868-57a2d4851a1d" relativeResultsDirectory="51d7e5b5-5199-4a64-abe7-6100a1b695ba" />
    <UnitTestResult executionId="62afafd8-e5e9-4496-84b6-f6d272d252da" testId="5306eca0-b7b2-215e-3500-dc744dc0a606" testName="DesktopGuides.Core.Tests.TextGuideDocumentTests.FallsBackToFractionWhenContextCannotBeFound" computerName="runnervm1vfjv" duration="00:00:00.0003052" startTime="2026-09-25T02:15:24.2217608-07:00" endTime="2026-09-25T02:15:24.2218181-07:00" testType="13cdc9d9-ddb5-4fa4-a97d-d965ccfc6d4b" outcome="Passed" testListId="8c84fa94-04c1-424b-9868-57a2d4851a1d" relativeResultsDirectory="62afafd8-e5e9-4496-84b6-f6d272d252da" />
    <UnitTestResult executionId="3c74f77d-5522-4aea-ae90-68462e973a2a" testId="d23bb650-686f-e5f0-ba71-d178ef8f42e9" testName="DesktopGuides.Core.Tests.HtmlAssetPolicyTests.RejectsRequestsOutsideTheReadOnlyAssetScope(method: &quot;GET&quot;, url: &quot;file:///C:/Windows/win.ini&quot;)" computerName="runnervm1vfjv" duration="00:00:00.0054536" startTime="2026-09-25T02:15:24.2512698-07:00" endTime="2026-09-25T02:15:24.2566592-07:00" testType="13cdc9d9-ddb5-4fa4-a97d-d965ccfc6d4b" outcome="Passed" testListId="8c84fa94-04c1-424b-9868-57a2d4851a1d" relativeResultsDirectory="3c74f77d-5522-4aea-ae90-68462e973a2a" />
    <UnitTestResult executionId="2798b862-5474-4d69-aab3-1d999c05dcaa" testId="b47b4c1d-9920-7e22-aba4-f44acc04ae92" testName="DesktopGuides.Core.Tests.HtmlAssetPolicyTests.RejectsRequestsOutsideTheReadOnlyAssetScope(method: &quot;GET&quot;, url: &quot;http://guide.invalid/guide.html&quot;)" computerName="runnervm1vfjv" duration="00:00:00.0044454" startTime="2026-09-25T02:15:24.2466183-07:00" endTime="2026-09-25T02:15:24.2466794-07:00" testType="13cdc9d9-ddb5-4fa4-a97d-d965ccfc6d4b" outcome="Passed" testListId="8c84fa94-04c1-424b-9868-57a2d4851a1d" relativeResultsDirectory="2798b862-5474-4d69-aab3-1d999c05dcaa" />
    <UnitTestResult executionId="9840c858-5c83-4e8d-a1be-4d0621e025b8" testId="d9d5a7ef-c627-a2c5-a023-7fbe2c220e22" testName="DesktopGuides.Core.Tests.TextGuideDocumentTests.IndexesLogicalLinesByNormalizedCharacterOffset" computerName="runnervm1vfjv" duration="00:00:00.0108719" startTime="2026-09-25T02:15:24.2207420-07:00" endTime="2026-09-25T02:15:24.2208582-07:00" testType="13cdc9d9-ddb5-4fa4-a97d-d965ccfc6d4b" outcome="Passed" testListId="8c84fa94-04c1-424b-9868-57a2d4851a1d" relativeResultsDirectory="9840c858-5c83-4e8d-a1be-4d0621e025b8" />
    <UnitTestResult executionId="3ca07814-5770-4c1d-95c6-934a74e5808d" testId="5d8fde1a-f3ef-3bf2-6577-9775eeb6e8e7" testName="DesktopGuides.Core.Tests.HtmlAssetPolicyTests.RejectsRequestsOutsideTheReadOnlyAssetScope(method: &quot;POST&quot;, url: &quot;https://guide.invalid/guide.html&quot;)" computerName="runnervm1vfjv" duration="00:00:00.0039258" startTime="2026-09-25T02:15:24.2568221-07:00" endTime="2026-09-25T02:15:24.2606580-07:00" testType="13cdc9d9-ddb5-4fa4-a97d-d965ccfc6d4b" outcome="Passed" testListId="8c84fa94-04c1-424b-9868-57a2d4851a1d" relativeResultsDirectory="3ca07814-5770-4c1d-95c6-934a74e5808d" />
    <UnitTestResult executionId="b6e10cb2-a713-4a3f-8a72-9d5c2da51e0d" testId="e1f50f58-8062-72b9-cc9c-19db3a378266" testName="DesktopGuides.Core.Tests.HtmlAssetPolicyTests.RejectsRequestsOutsideTheReadOnlyAssetScope(method: &quot;GET&quot;, url: &quot;https://guide.invalid/%2e%2e/outside.html&quot;)" computerName="runnervm1vfjv" duration="00:00:00.0038504" startTime="2026-09-25T02:15:24.2689574-07:00" endTime="2026-09-25T02:15:24.2727256-07:00" testType="13cdc9d9-ddb5-4fa4-a97d-d965ccfc6d4b" outcome="Passed" testListId="8c84fa94-04c1-424b-9868-57a2d4851a1d" relativeResultsDirectory="b6e10cb2-a713-4a3f-8a72-9d5c2da51e0d" />
    <UnitTestResult executionId="f97108ca-60be-4862-b3c9-aea043685176" testId="b379ae71-cd7e-938c-1eef-2d9c4001c9be" testName="DesktopGuides.Core.Tests.FixtureCatalogTests.RejectsContentWhoseHashDoesNotMatchTheManifest" computerName="runnervm1vfjv" duration="00:00:00.0024866" startTime="2026-09-25T02:15:24.2435234-07:00" endTime="2026-09-25T02:15:24.2455890-07:00" testType="13cdc9d9-ddb5-4fa4-a97d-d965ccfc6d4b" outcome="Passed" testListId="8c84fa94-04c1-424b-9868-57a2d4851a1d" relativeResultsDirectory="f97108ca-60be-4862-b3c9-aea043685176" />
    <UnitTestResult executionId="c6b9b2a9-ab60-4092-950c-349d00519c34" testId="0a3ebbcc-3074-fdad-a691-281c6b0f5482" testName="DesktopGuides.Core.Tests.TextGuideDocumentTests.DecodesBomAndNormalizesNewlinesWithoutChangingWhitespace" computerName="runnervm1vfjv" duration="00:00:00.0003711" startTime="2026-09-25T02:15:24.2273095-07:00" endTime="2026-09-25T02:15:24.2275304-07:00" testType="13cdc9d9-ddb5-4fa4-a97d-d965ccfc6d4b" outcome="Passed" testListId="8c84fa94-04c1-424b-9868-57a2d4851a1d" relativeResultsDirectory="c6b9b2a9-ab60-4092-950c-349d00519c34" />
    <UnitTestResult executionId="88567b4c-1842-4756-9a5c-c135c2e0459b" testId="07c7de27-26de-a9f7-9ab2-361772f15d1e" testName="DesktopGuides.Core.Tests.HtmlAssetPolicyTests.RejectsRequestsOutsideTheReadOnlyAssetScope(method: &quot;GET&quot;, url: &quot;https://guide.invalid/../outside.html&quot;)" computerName="runnervm1vfjv" duration="00:00:00.0059146" startTime="2026-09-25T02:15:24.2467987-07:00" endTime="2026-09-25T02:15:24.2511260-07:00" testType="13cdc9d9-ddb5-4fa4-a97d-d965ccfc6d4b" outcome="Passed" testListId="8c84fa94-04c1-424b-9868-57a2d4851a1d" relativeResultsDirectory="88567b4c-1842-4756-9a5c-c135c2e0459b" />
    <UnitTestResult executionId="10b2a1de-3a96-44ef-a876-8a491114d9d6" testId="dd22a2e5-9769-89bd-cbc6-621d276d372c" testName="DesktopGuides.Core.Tests.FixtureCatalogTests.RejectsFixturePathOutsideTheRoot" computerName="runnervm1vfjv" duration="00:00:00.0018830" startTime="2026-09-25T02:15:24.2458884-07:00" endTime="2026-09-25T02:15:24.2461844-07:00" testType="13cdc9d9-ddb5-4fa4-a97d-d965ccfc6d4b" outcome="Passed" testListId="8c84fa94-04c1-424b-9868-57a2d4851a1d" relativeResultsDirectory="10b2a1de-3a96-44ef-a876-8a491114d9d6" />
    <UnitTestResult executionId="98ef1e51-d65f-4b71-b20f-0a88daacdf83" testId="28e86855-d814-9f1e-0494-bcb896bacec3" testName="DesktopGuides.Core.Tests.TextGuideDocumentTests.RestoresExactOffsetForUnchangedContent" computerName="runnervm1vfjv" duration="00:00:00.0002442" startTime="2026-09-25T02:15:24.2429497-07:00" endTime="2026-09-25T02:15:24.2430468-07:00" testType="13cdc9d9-ddb5-4fa4-a97d-d965ccfc6d4b" outcome="Passed" testListId="8c84fa94-04c1-424b-9868-57a2d4851a1d" relativeResultsDirectory="98ef1e51-d65f-4b71-b20f-0a88daacdf83" />
    <UnitTestResult executionId="50a6f8cc-3a23-4bb8-a8c8-1a855881ab71" testId="3bafceda-bee2-0698-1edb-0944b01bc21c" testName="DesktopGuides.Core.Tests.FixtureCatalogTests.RejectsAFixtureThatLinksOutsideTheManifestRoot" computerName="runnervm1vfjv" duration="00:00:00.0089266" startTime="2026-09-25T02:15:24.2221834-07:00" endTime="2026-09-25T02:15:24.2433521-07:00" testType="13cdc9d9-ddb5-4fa4-a97d-d965ccfc6d4b" outcome="Passed" testListId="8c84fa94-04c1-424b-9868-57a2d4851a1d" relativeResultsDirectory="50a6f8cc-3a23-4bb8-a8c8-1a855881ab71" />
    <UnitTestResult executionId="dc32d75b-51f7-4484-9c5b-9f19ed28461f" testId="b4ea6296-97ee-79d3-707f-71ce31e710b6" testName="DesktopGuides.Core.Tests.HtmlAssetPolicyTests.RejectsAnAssetReachedThroughADirectoryLink" computerName="runnervm1vfjv" duration="00:00:00.0093692" startTime="2026-09-25T02:15:24.2829051-07:00" endTime="2026-09-25T02:15:24.2921858-07:00" testType="13cdc9d9-ddb5-4fa4-a97d-d965ccfc6d4b" outcome="Passed" testListId="8c84fa94-04c1-424b-9868-57a2d4851a1d" relativeResultsDirectory="dc32d75b-51f7-4484-9c5b-9f19ed28461f" />
    <UnitTestResult executionId="2c5f7301-1fa5-450e-b15e-9c6448be43c1" testId="355a0214-5e1c-a62f-aa47-3153b5b8f8ad" testName="DesktopGuides.Core.Tests.HtmlAssetPolicyTests.RejectsRequestsOutsideTheReadOnlyAssetScope(method: &quot;GET&quot;, url: &quot;https://guide.invalid/guide.html?remote=true&quot;)" computerName="runnervm1vfjv" duration="00:00:00.0038449" startTime="2026-09-25T02:15:24.2650048-07:00" endTime="2026-09-25T02:15:24.2687960-07:00" testType="13cdc9d9-ddb5-4fa4-a97d-d965ccfc6d4b" outcome="Passed" testListId="8c84fa94-04c1-424b-9868-57a2d4851a1d" relativeResultsDirectory="2c5f7301-1fa5-450e-b15e-9c6448be43c1" />
    <UnitTestResult executionId="c6237f42-7e08-4781-b968-8b1af45eadff" testId="f9ea783f-3477-0506-a8f3-d01a2190f1bf" testName="DesktopGuides.Core.Tests.HtmlAssetPolicyTests.AllowsOnlyManifestAssetsWithinTheSelectedGuideRoot" computerName="runnervm1vfjv" duration="00:00:00.0052833" startTime="2026-09-25T02:15:24.2775232-07:00" endTime="2026-09-25T02:15:24.2826947-07:00" testType="13cdc9d9-ddb5-4fa4-a97d-d965ccfc6d4b" outcome="Passed" testListId="8c84fa94-04c1-424b-9868-57a2d4851a1d" relativeResultsDirectory="c6237f42-7e08-4781-b968-8b1af45eadff" />
    <UnitTestResult executionId="03941d59-07a6-4859-a1bd-149707681b14" testId="af1b606f-e528-a99c-b813-f91ca3953702" testName="DesktopGuides.Core.Tests.TextGuideDocumentTests.DecodesSelectedCp437WithoutChangingAsciiLayout" computerName="runnervm1vfjv" duration="00:00:00.0069885" startTime="2026-09-25T02:15:24.2219865-07:00" endTime="2026-09-25T02:15:24.2271093-07:00" testType="13cdc9d9-ddb5-4fa4-a97d-d965ccfc6d4b" outcome="Passed" testListId="8c84fa94-04c1-424b-9868-57a2d4851a1d" relativeResultsDirectory="03941d59-07a6-4859-a1bd-149707681b14" />
    <UnitTestResult executionId="e0b76229-7c53-429f-b43a-47b7b5b86158" testId="da1ce6eb-e7a0-554b-c1d8-4b184cfcf320" testName="DesktopGuides.Core.Tests.FixtureCatalogTests.LoadsAndVerifiesAFixtureById" computerName="runnervm1vfjv" duration="00:00:00.0352928" startTime="2026-09-25T02:15:24.1868795-07:00" endTime="2026-09-25T02:15:24.2220448-07:00" testType="13cdc9d9-ddb5-4fa4-a97d-d965ccfc6d4b" outcome="Passed" testListId="8c84fa94-04c1-424b-9868-57a2d4851a1d" relativeResultsDirectory="e0b76229-7c53-429f-b43a-47b7b5b86158" />
  </Results>
  <TestDefinitions>
    <UnitTest name="DesktopGuides.Core.Tests.HtmlAssetPolicyTests.RejectsAnAssetReachedThroughADirectoryLink" storage="c:\a\desktop-guides\desktop-guides\tests\desktopguides.core.tests\bin\release\net10.0\desktopguides.core.tests.dll" id="b4ea6296-97ee-79d3-707f-71ce31e710b6">
      <Execution id="dc32d75b-51f7-4484-9c5b-9f19ed28461f" />
      <TestMethod codeBase="C:\a\desktop-guides\desktop-guides\tests\DesktopGuides.Core.Tests\bin\Release\net10.0\DesktopGuides.Core.Tests.dll" adapterTypeName="executor://xunit/VsTestRunner3/netcore/" className="DesktopGuides.Core.Tests.HtmlAssetPolicyTests" name="RejectsAnAssetReachedThroughADirectoryLink" />
    </UnitTest>
    <UnitTest name="DesktopGuides.Core.Tests.TextGuideDocumentTests.InvalidUtf8RequiresAnExplicitEncoding" storage="c:\a\desktop-guides\desktop-guides\tests\desktopguides.core.tests\bin\release\net10.0\desktopguides.core.tests.dll" id="21d9f702-a60d-39ec-cfae-6ad62400c1a6">
      <Execution id="9805f33b-2419-4f32-95e1-3cfb09976d76" />
      <TestMethod codeBase="C:\a\desktop-guides\desktop-guides\tests\DesktopGuides.Core.Tests\bin\Release\net10.0\DesktopGuides.Core.Tests.dll" adapterTypeName="executor://xunit/VsTestRunner3/netcore/" className="DesktopGuides.Core.Tests.TextGuideDocumentTests" name="InvalidUtf8RequiresAnExplicitEncoding" />
    </UnitTest>
    <UnitTest name="DesktopGuides.Core.Tests.TextGuideDocumentTests.IndexesLogicalLinesByNormalizedCharacterOffset" storage="c:\a\desktop-guides\desktop-guides\tests\desktopguides.core.tests\bin\release\net10.0\desktopguides.core.tests.dll" id="d9d5a7ef-c627-a2c5-a023-7fbe2c220e22">
      <Execution id="9840c858-5c83-4e8d-a1be-4d0621e025b8" />
      <TestMethod codeBase="C:\a\desktop-guides\desktop-guides\tests\DesktopGuides.Core.Tests\bin\Release\net10.0\DesktopGuides.Core.Tests.dll" adapterTypeName="executor://xunit/VsTestRunner3/netcore/" className="DesktopGuides.Core.Tests.TextGuideDocumentTests" name="IndexesLogicalLinesByNormalizedCharacterOffset" />
    </UnitTest>
    <UnitTest name="DesktopGuides.Core.Tests.TextGuideDocumentTests.RestoresExactOffsetForUnchangedContent" storage="c:\a\desktop-guides\desktop-guides\tests\desktopguides.core.tests\bin\release\net10.0\desktopguides.core.tests.dll" id="28e86855-d814-9f1e-0494-bcb896bacec3">
      <Execution id="98ef1e51-d65f-4b71-b20f-0a88daacdf83" />
      <TestMethod codeBase="C:\a\desktop-guides\desktop-guides\tests\DesktopGuides.Core.Tests\bin\Release\net10.0\DesktopGuides.Core.Tests.dll" adapterTypeName="executor://xunit/VsTestRunner3/netcore/" className="DesktopGuides.Core.Tests.TextGuideDocumentTests" name="RestoresExactOffsetForUnchangedContent" />
    </UnitTest>
    <UnitTest name="DesktopGuides.Core.Tests.HtmlAssetPolicyTests.RejectsRequestsOutsideTheReadOnlyAssetScope(method: &quot;GET&quot;, url: &quot;https://elsewhere.invalid/guide.html&quot;)" storage="c:\a\desktop-guides\desktop-guides\tests\desktopguides.core.tests\bin\release\net10.0\desktopguides.core.tests.dll" id="5148b27a-ff51-5241-c0d8-eccb742088f7">
      <Execution id="7bf43e3e-7014-41e8-ab5c-2d6c370253c8" />
      <TestMethod codeBase="C:\a\desktop-guides\desktop-guides\tests\DesktopGuides.Core.Tests\bin\Release\net10.0\DesktopGuides.Core.Tests.dll" adapterTypeName="executor://xunit/VsTestRunner3/netcore/" className="DesktopGuides.Core.Tests.HtmlAssetPolicyTests" name="RejectsRequestsOutsideTheReadOnlyAssetScope" />
    </UnitTest>
    <UnitTest name="DesktopGuides.Core.Tests.FixtureCatalogTests.RejectsFixturePathOutsideTheRoot" storage="c:\a\desktop-guides\desktop-guides\tests\desktopguides.core.tests\bin\release\net10.0\desktopguides.core.tests.dll" id="dd22a2e5-9769-89bd-cbc6-621d276d372c">
      <Execution id="10b2a1de-3a96-44ef-a876-8a491114d9d6" />
      <TestMethod codeBase="C:\a\desktop-guides\desktop-guides\tests\DesktopGuides.Core.Tests\bin\Release\net10.0\DesktopGuides.Core.Tests.dll" adapterTypeName="executor://xunit/VsTestRunner3/netcore/" className="DesktopGuides.Core.Tests.FixtureCatalogTests" name="RejectsFixturePathOutsideTheRoot" />
    </UnitTest>
    <UnitTest name="DesktopGuides.Core.Tests.TextGuideDocumentTests.ChoosesTheNearestRepeatedContextAfterContentChanges" storage="c:\a\desktop-guides\desktop-guides\tests\desktopguides.core.tests\bin\release\net10.0\desktopguides.core.tests.dll" id="e214083d-9062-e92f-3551-3ad869a924b3">
      <Execution id="51d7e5b5-5199-4a64-abe7-6100a1b695ba" />
      <TestMethod codeBase="C:\a\desktop-guides\desktop-guides\tests\DesktopGuides.Core.Tests\bin\Release\net10.0\DesktopGuides.Core.Tests.dll" adapterTypeName="executor://xunit/VsTestRunner3/netcore/" className="DesktopGuides.Core.Tests.TextGuideDocumentTests" name="ChoosesTheNearestRepeatedContextAfterContentChanges" />
    </UnitTest>
    <UnitTest name="DesktopGuides.Core.Tests.HtmlAssetPolicyTests.AllowsOnlyManifestAssetsWithinTheSelectedGuideRoot" storage="c:\a\desktop-guides\desktop-guides\tests\desktopguides.core.tests\bin\release\net10.0\desktopguides.core.tests.dll" id="f9ea783f-3477-0506-a8f3-d01a2190f1bf">
      <Execution id="c6237f42-7e08-4781-b968-8b1af45eadff" />
      <TestMethod codeBase="C:\a\desktop-guides\desktop-guides\tests\DesktopGuides.Core.Tests\bin\Release\net10.0\DesktopGuides.Core.Tests.dll" adapterTypeName="executor://xunit/VsTestRunner3/netcore/" className="DesktopGuides.Core.Tests.HtmlAssetPolicyTests" name="AllowsOnlyManifestAssetsWithinTheSelectedGuideRoot" />
    </UnitTest>
    <UnitTest name="DesktopGuides.Core.Tests.HtmlAssetPolicyTests.RejectsRequestsOutsideTheReadOnlyAssetScope(method: &quot;GET&quot;, url: &quot;https://guide.invalid/%2e%2e/outside.html&quot;)" storage="c:\a\desktop-guides\desktop-guides\tests\desktopguides.core.tests\bin\release\net10.0\desktopguides.core.tests.dll" id="e1f50f58-8062-72b9-cc9c-19db3a378266">
      <Execution id="b6e10cb2-a713-4a3f-8a72-9d5c2da51e0d" />
      <TestMethod codeBase="C:\a\desktop-guides\desktop-guides\tests\DesktopGuides.Core.Tests\bin\Release\net10.0\DesktopGuides.Core.Tests.dll" adapterTypeName="executor://xunit/VsTestRunner3/netcore/" className="DesktopGuides.Core.Tests.HtmlAssetPolicyTests" name="RejectsRequestsOutsideTheReadOnlyAssetScope" />
    </UnitTest>
    <UnitTest name="DesktopGuides.Core.Tests.FixtureCatalogTests.RejectsAFixtureThatLinksOutsideTheManifestRoot" storage="c:\a\desktop-guides\desktop-guides\tests\desktopguides.core.tests\bin\release\net10.0\desktopguides.core.tests.dll" id="3bafceda-bee2-0698-1edb-0944b01bc21c">
      <Execution id="50a6f8cc-3a23-4bb8-a8c8-1a855881ab71" />
      <TestMethod codeBase="C:\a\desktop-guides\desktop-guides\tests\DesktopGuides.Core.Tests\bin\Release\net10.0\DesktopGuides.Core.Tests.dll" adapterTypeName="executor://xunit/VsTestRunner3/netcore/" className="DesktopGuides.Core.Tests.FixtureCatalogTests" name="RejectsAFixtureThatLinksOutsideTheManifestRoot" />
    </UnitTest>
    <UnitTest name="DesktopGuides.Core.Tests.FixtureCatalogTests.RejectsContentWhoseHashDoesNotMatchTheManifest" storage="c:\a\desktop-guides\desktop-guides\tests\desktopguides.core.tests\bin\release\net10.0\desktopguides.core.tests.dll" id="b379ae71-cd7e-938c-1eef-2d9c4001c9be">
      <Execution id="f97108ca-60be-4862-b3c9-aea043685176" />
      <TestMethod codeBase="C:\a\desktop-guides\desktop-guides\tests\DesktopGuides.Core.Tests\bin\Release\net10.0\DesktopGuides.Core.Tests.dll" adapterTypeName="executor://xunit/VsTestRunner3/netcore/" className="DesktopGuides.Core.Tests.FixtureCatalogTests" name="RejectsContentWhoseHashDoesNotMatchTheManifest" />
    </UnitTest>
    <UnitTest name="DesktopGuides.Core.Tests.TextGuideDocumentTests.DecodesSelectedCp437WithoutChangingAsciiLayout" storage="c:\a\desktop-guides\desktop-guides\tests\desktopguides.core.tests\bin\release\net10.0\desktopguides.core.tests.dll" id="af1b606f-e528-a99c-b813-f91ca3953702">
      <Execution id="03941d59-07a6-4859-a1bd-149707681b14" />
      <TestMethod codeBase="C:\a\desktop-guides\desktop-guides\tests\DesktopGuides.Core.Tests\bin\Release\net10.0\DesktopGuides.Core.Tests.dll" adapterTypeName="executor://xunit/VsTestRunner3/netcore/" className="DesktopGuides.Core.Tests.TextGuideDocumentTests" name="DecodesSelectedCp437WithoutChangingAsciiLayout" />
    </UnitTest>
    <UnitTest name="DesktopGuides.Core.Tests.HtmlAssetPolicyTests.RejectsAnAssetChangedAfterManifestVerification" storage="c:\a\desktop-guides\desktop-guides\tests\desktopguides.core.tests\bin\release\net10.0\desktopguides.core.tests.dll" id="9664020a-1c18-7b2e-ab55-1e85c22bf279">
      <Execution id="654e003f-5caf-4ff9-9eb1-e323cc276557" />
      <TestMethod codeBase="C:\a\desktop-guides\desktop-guides\tests\DesktopGuides.Core.Tests\bin\Release\net10.0\DesktopGuides.Core.Tests.dll" adapterTypeName="executor://xunit/VsTestRunner3/netcore/" className="DesktopGuides.Core.Tests.HtmlAssetPolicyTests" name="RejectsAnAssetChangedAfterManifestVerification" />
    </UnitTest>
    <UnitTest name="DesktopGuides.Core.Tests.HtmlAssetPolicyTests.RejectsRequestsOutsideTheReadOnlyAssetScope(method: &quot;GET&quot;, url: &quot;file:///C:/Windows/win.ini&quot;)" storage="c:\a\desktop-guides\desktop-guides\tests\desktopguides.core.tests\bin\release\net10.0\desktopguides.core.tests.dll" id="d23bb650-686f-e5f0-ba71-d178ef8f42e9">
      <Execution id="3c74f77d-5522-4aea-ae90-68462e973a2a" />
      <TestMethod codeBase="C:\a\desktop-guides\desktop-guides\tests\DesktopGuides.Core.Tests\bin\Release\net10.0\DesktopGuides.Core.Tests.dll" adapterTypeName="executor://xunit/VsTestRunner3/netcore/" className="DesktopGuides.Core.Tests.HtmlAssetPolicyTests" name="RejectsRequestsOutsideTheReadOnlyAssetScope" />
    </UnitTest>
    <UnitTest name="DesktopGuides.Core.Tests.HtmlAssetPolicyTests.RejectsRequestsOutsideTheReadOnlyAssetScope(method: &quot;GET&quot;, url: &quot;http://guide.invalid/guide.html&quot;)" storage="c:\a\desktop-guides\desktop-guides\tests\desktopguides.core.tests\bin\release\net10.0\desktopguides.core.tests.dll" id="b47b4c1d-9920-7e22-aba4-f44acc04ae92">
      <Execution id="2798b862-5474-4d69-aab3-1d999c05dcaa" />
      <TestMethod codeBase="C:\a\desktop-guides\desktop-guides\tests\DesktopGuides.Core.Tests\bin\Release\net10.0\DesktopGuides.Core.Tests.dll" adapterTypeName="executor://xunit/VsTestRunner3/netcore/" className="DesktopGuides.Core.Tests.HtmlAssetPolicyTests" name="RejectsRequestsOutsideTheReadOnlyAssetScope" />
    </UnitTest>
    <UnitTest name="DesktopGuides.Core.Tests.HtmlAssetPolicyTests.RejectsRequestsOutsideTheReadOnlyAssetScope(method: &quot;GET&quot;, url: &quot;https://guide.invalid/../outside.html&quot;)" storage="c:\a\desktop-guides\desktop-guides\tests\desktopguides.core.tests\bin\release\net10.0\desktopguides.core.tests.dll" id="07c7de27-26de-a9f7-9ab2-361772f15d1e">
      <Execution id="88567b4c-1842-4756-9a5c-c135c2e0459b" />
      <TestMethod codeBase="C:\a\desktop-guides\desktop-guides\tests\DesktopGuides.Core.Tests\bin\Release\net10.0\DesktopGuides.Core.Tests.dll" adapterTypeName="executor://xunit/VsTestRunner3/netcore/" className="DesktopGuides.Core.Tests.HtmlAssetPolicyTests" name="RejectsRequestsOutsideTheReadOnlyAssetScope" />
    </UnitTest>
    <UnitTest name="DesktopGuides.Core.Tests.TextGuideDocumentTests.FallsBackToFractionWhenContextCannotBeFound" storage="c:\a\desktop-guides\desktop-guides\tests\desktopguides.core.tests\bin\release\net10.0\desktopguides.core.tests.dll" id="5306eca0-b7b2-215e-3500-dc744dc0a606">
      <Execution id="62afafd8-e5e9-4496-84b6-f6d272d252da" />
      <TestMethod codeBase="C:\a\desktop-guides\desktop-guides\tests\DesktopGuides.Core.Tests\bin\Release\net10.0\DesktopGuides.Core.Tests.dll" adapterTypeName="executor://xunit/VsTestRunner3/netcore/" className="DesktopGuides.Core.Tests.TextGuideDocumentTests" name="FallsBackToFractionWhenContextCannotBeFound" />
    </UnitTest>
    <UnitTest name="DesktopGuides.Core.Tests.HtmlAssetPolicyTests.RejectsRequestsOutsideTheReadOnlyAssetScope(method: &quot;GET&quot;, url: &quot;https://guide.invalid/guide.html?remote=true&quot;)" storage="c:\a\desktop-guides\desktop-guides\tests\desktopguides.core.tests\bin\release\net10.0\desktopguides.core.tests.dll" id="355a0214-5e1c-a62f-aa47-3153b5b8f8ad">
      <Execution id="2c5f7301-1fa5-450e-b15e-9c6448be43c1" />
      <TestMethod codeBase="C:\a\desktop-guides\desktop-guides\tests\DesktopGuides.Core.Tests\bin\Release\net10.0\DesktopGuides.Core.Tests.dll" adapterTypeName="executor://xunit/VsTestRunner3/netcore/" className="DesktopGuides.Core.Tests.HtmlAssetPolicyTests" name="RejectsRequestsOutsideTheReadOnlyAssetScope" />
    </UnitTest>
    <UnitTest name="DesktopGuides.Core.Tests.HtmlAssetPolicyTests.RejectsRequestsOutsideTheReadOnlyAssetScope(method: &quot;GET&quot;, url: &quot;https://guide.invalid:444/guide.html&quot;)" storage="c:\a\desktop-guides\desktop-guides\tests\desktopguides.core.tests\bin\release\net10.0\desktopguides.core.tests.dll" id="afaebaff-4092-b82e-7bdd-5dcc8d2370e5">
      <Execution id="3c2154d8-a241-4a6f-8687-adc543bce578" />
      <TestMethod codeBase="C:\a\desktop-guides\desktop-guides\tests\DesktopGuides.Core.Tests\bin\Release\net10.0\DesktopGuides.Core.Tests.dll" adapterTypeName="executor://xunit/VsTestRunner3/netcore/" className="DesktopGuides.Core.Tests.HtmlAssetPolicyTests" name="RejectsRequestsOutsideTheReadOnlyAssetScope" />
    </UnitTest>
    <UnitTest name="DesktopGuides.Core.Tests.HtmlAssetPolicyTests.RejectsRequestsOutsideTheReadOnlyAssetScope(method: &quot;POST&quot;, url: &quot;https://guide.invalid/guide.html&quot;)" storage="c:\a\desktop-guides\desktop-guides\tests\desktopguides.core.tests\bin\release\net10.0\desktopguides.core.tests.dll" id="5d8fde1a-f3ef-3bf2-6577-9775eeb6e8e7">
      <Execution id="3ca07814-5770-4c1d-95c6-934a74e5808d" />
      <TestMethod codeBase="C:\a\desktop-guides\desktop-guides\tests\DesktopGuides.Core.Tests\bin\Release\net10.0\DesktopGuides.Core.Tests.dll" adapterTypeName="executor://xunit/VsTestRunner3/netcore/" className="DesktopGuides.Core.Tests.HtmlAssetPolicyTests" name="RejectsRequestsOutsideTheReadOnlyAssetScope" />
    </UnitTest>
    <UnitTest name="DesktopGuides.Core.Tests.TextGuideDocumentTests.FindsNearbyContextAfterContentChanges" storage="c:\a\desktop-guides\desktop-guides\tests\desktopguides.core.tests\bin\release\net10.0\desktopguides.core.tests.dll" id="65f2a884-7aaf-d6cf-a9a9-1fde173b9c0a">
      <Execution id="fefe8adf-b0ef-4188-bf71-105a43f812eb" />
      <TestMethod codeBase="C:\a\desktop-guides\desktop-guides\tests\DesktopGuides.Core.Tests\bin\Release\net10.0\DesktopGuides.Core.Tests.dll" adapterTypeName="executor://xunit/VsTestRunner3/netcore/" className="DesktopGuides.Core.Tests.TextGuideDocumentTests" name="FindsNearbyContextAfterContentChanges" />
    </UnitTest>
    <UnitTest name="DesktopGuides.Core.Tests.FixtureCatalogTests.LoadsAndVerifiesAFixtureById" storage="c:\a\desktop-guides\desktop-guides\tests\desktopguides.core.tests\bin\release\net10.0\desktopguides.core.tests.dll" id="da1ce6eb-e7a0-554b-c1d8-4b184cfcf320">
      <Execution id="e0b76229-7c53-429f-b43a-47b7b5b86158" />
      <TestMethod codeBase="C:\a\desktop-guides\desktop-guides\tests\DesktopGuides.Core.Tests\bin\Release\net10.0\DesktopGuides.Core.Tests.dll" adapterTypeName="executor://xunit/VsTestRunner3/netcore/" className="DesktopGuides.Core.Tests.FixtureCatalogTests" name="LoadsAndVerifiesAFixtureById" />
    </UnitTest>
    <UnitTest name="DesktopGuides.Core.Tests.TextGuideDocumentTests.DecodesBomAndNormalizesNewlinesWithoutChangingWhitespace" storage="c:\a\desktop-guides\desktop-guides\tests\desktopguides.core.tests\bin\release\net10.0\desktopguides.core.tests.dll" id="0a3ebbcc-3074-fdad-a691-281c6b0f5482">
      <Execution id="c6b9b2a9-ab60-4092-950c-349d00519c34" />
      <TestMethod codeBase="C:\a\desktop-guides\desktop-guides\tests\DesktopGuides.Core.Tests\bin\Release\net10.0\DesktopGuides.Core.Tests.dll" adapterTypeName="executor://xunit/VsTestRunner3/netcore/" className="DesktopGuides.Core.Tests.TextGuideDocumentTests" name="DecodesBomAndNormalizesNewlinesWithoutChangingWhitespace" />
    </UnitTest>
  </TestDefinitions>
  <TestEntries>
    <TestEntry testId="65f2a884-7aaf-d6cf-a9a9-1fde173b9c0a" executionId="fefe8adf-b0ef-4188-bf71-105a43f812eb" testListId="8c84fa94-04c1-424b-9868-57a2d4851a1d" />
    <TestEntry testId="5148b27a-ff51-5241-c0d8-eccb742088f7" executionId="7bf43e3e-7014-41e8-ab5c-2d6c370253c8" testListId="8c84fa94-04c1-424b-9868-57a2d4851a1d" />
    <TestEntry testId="9664020a-1c18-7b2e-ab55-1e85c22bf279" executionId="654e003f-5caf-4ff9-9eb1-e323cc276557" testListId="8c84fa94-04c1-424b-9868-57a2d4851a1d" />
    <TestEntry testId="afaebaff-4092-b82e-7bdd-5dcc8d2370e5" executionId="3c2154d8-a241-4a6f-8687-adc543bce578" testListId="8c84fa94-04c1-424b-9868-57a2d4851a1d" />
    <TestEntry testId="21d9f702-a60d-39ec-cfae-6ad62400c1a6" executionId="9805f33b-2419-4f32-95e1-3cfb09976d76" testListId="8c84fa94-04c1-424b-9868-57a2d4851a1d" />
    <TestEntry testId="e214083d-9062-e92f-3551-3ad869a924b3" executionId="51d7e5b5-5199-4a64-abe7-6100a1b695ba" testListId="8c84fa94-04c1-424b-9868-57a2d4851a1d" />
    <TestEntry testId="5306eca0-b7b2-215e-3500-dc744dc0a606" executionId="62afafd8-e5e9-4496-84b6-f6d272d252da" testListId="8c84fa94-04c1-424b-9868-57a2d4851a1d" />
    <TestEntry testId="d23bb650-686f-e5f0-ba71-d178ef8f42e9" executionId="3c74f77d-5522-4aea-ae90-68462e973a2a" testListId="8c84fa94-04c1-424b-9868-57a2d4851a1d" />
    <TestEntry testId="b47b4c1d-9920-7e22-aba4-f44acc04ae92" executionId="2798b862-5474-4d69-aab3-1d999c05dcaa" testListId="8c84fa94-04c1-424b-9868-57a2d4851a1d" />
    <TestEntry testId="d9d5a7ef-c627-a2c5-a023-7fbe2c220e22" executionId="9840c858-5c83-4e8d-a1be-4d0621e025b8" testListId="8c84fa94-04c1-424b-9868-57a2d4851a1d" />
    <TestEntry testId="5d8fde1a-f3ef-3bf2-6577-9775eeb6e8e7" executionId="3ca07814-5770-4c1d-95c6-934a74e5808d" testListId="8c84fa94-04c1-424b-9868-57a2d4851a1d" />
    <TestEntry testId="e1f50f58-8062-72b9-cc9c-19db3a378266" executionId="b6e10cb2-a713-4a3f-8a72-9d5c2da51e0d" testListId="8c84fa94-04c1-424b-9868-57a2d4851a1d" />
    <TestEntry testId="b379ae71-cd7e-938c-1eef-2d9c4001c9be" executionId="f97108ca-60be-4862-b3c9-aea043685176" testListId="8c84fa94-04c1-424b-9868-57a2d4851a1d" />
    <TestEntry testId="0a3ebbcc-3074-fdad-a691-281c6b0f5482" executionId="c6b9b2a9-ab60-4092-950c-349d00519c34" testListId="8c84fa94-04c1-424b-9868-57a2d4851a1d" />
    <TestEntry testId="07c7de27-26de-a9f7-9ab2-361772f15d1e" executionId="88567b4c-1842-4756-9a5c-c135c2e0459b" testListId="8c84fa94-04c1-424b-9868-57a2d4851a1d" />
    <TestEntry testId="dd22a2e5-9769-89bd-cbc6-621d276d372c" executionId="10b2a1de-3a96-44ef-a876-8a491114d9d6" testListId="8c84fa94-04c1-424b-9868-57a2d4851a1d" />
    <TestEntry testId="28e86855-d814-9f1e-0494-bcb896bacec3" executionId="98ef1e51-d65f-4b71-b20f-0a88daacdf83" testListId="8c84fa94-04c1-424b-9868-57a2d4851a1d" />
    <TestEntry testId="3bafceda-bee2-0698-1edb-0944b01bc21c" executionId="50a6f8cc-3a23-4bb8-a8c8-1a855881ab71" testListId="8c84fa94-04c1-424b-9868-57a2d4851a1d" />
    <TestEntry testId="b4ea6296-97ee-79d3-707f-71ce31e710b6" executionId="dc32d75b-51f7-4484-9c5b-9f19ed28461f" testListId="8c84fa94-04c1-424b-9868-57a2d4851a1d" />
    <TestEntry testId="355a0214-5e1c-a62f-aa47-3153b5b8f8ad" executionId="2c5f7301-1fa5-450e-b15e-9c6448be43c1" testListId="8c84fa94-04c1-424b-9868-57a2d4851a1d" />
    <TestEntry testId="f9ea783f-3477-0506-a8f3-d01a2190f1bf" executionId="c6237f42-7e08-4781-b968-8b1af45eadff" testListId="8c84fa94-04c1-424b-9868-57a2d4851a1d" />
    <TestEntry testId="af1b606f-e528-a99c-b813-f91ca3953702" executionId="03941d59-07a6-4859-a1bd-149707681b14" testListId="8c84fa94-04c1-424b-9868-57a2d4851a1d" />
    <TestEntry testId="da1ce6eb-e7a0-554b-c1d8-4b184cfcf320" executionId="e0b76229-7c53-429f-b43a-47b7b5b86158" testListId="8c84fa94-04c1-424b-9868-57a2d4851a1d" />
  </TestEntries>
  <TestLists>
    <TestList name="Results Not in a List" id="8c84fa94-04c1-424b-9868-57a2d4851a1d" />
    <TestList name="All Loaded Results" id="19431567-8539-422a-85d7-44ee4e166bda" />
  </TestLists>
  <ResultSummary outcome="Completed">
    <Counters total="23" executed="23" passed="23" failed="0" error="0" timeout="0" aborted="0" inconclusive="0" passedButRunAborted="0" notRunnable="0" notExecuted="0" disconnected="0" warning="0" completed="0" inProgress="0" pending="0" />
    <Output>
      <StdOut>[xUnit.net 00:00:00.00] xUnit.net VSTest Adapter v3.1.5+1b188a7b0a (64-bit .NET 10.0.12)&#xD;
[xUnit.net 00:00:00.14]   Discovering: DesktopGuides.Core.Tests&#xD;
[xUnit.net 00:00:00.20]   Discovered:  DesktopGuides.Core.Tests&#xD;
[xUnit.net 00:00:00.24]   Starting:    DesktopGuides.Core.Tests&#xD;
[xUnit.net 00:00:00.38]   Finished:    DesktopGuides.Core.Tests&#xD;
</StdOut>
    </Output>
  </ResultSummary>
</TestRun>